<?xml version="1.0" encoding="UTF-8"?>
<testsuite xmlns:xsi="http://www.w3.org/2001/XMLSchema-instance" xsi:noNamespaceSchemaLocation="https://maven.apache.org/surefire/maven-surefire-plugin/xsd/surefire-test-report.xsd" name="com.example.player.PlayerControllerTests" time="50.998" tests="13" errors="3" skipped="0" failures="1">
  <properties>
    <property name="awt.toolkit" value="sun.awt.X11.XToolkit"/>
    <property name="file.encoding.pkg" value="sun.io"/>
    <property name="java.specification.version" value="1.8"/>
    <property name="sun.cpu.isalist" value=""/>
    <property name="sun.jnu.encoding" value="UTF-8"/>
    <property name="java.class.path" value="/home/nxtwave/player/target/test-classes:/home/nxtwave/player/target/classes:/home/nxtwave/.m2/repository/org/springframework/boot/spring-boot-starter-web/2.7.8/spring-boot-starter-web-2.7.8.jar:/home/nxtwave/.m2/repository/org/springframework/boot/spring-boot-starter/2.7.8/spring-boot-starter-2.7.8.jar:/home/nxtwave/.m2/repository/org/springframework/boot/spring-boot-starter-logging/2.7.8/spring-boot-starter-logging-2.7.8.jar:/home/nxtwave/.m2/repository/ch/qos/logback/logback-classic/1.2.11/logback-classic-1.2.11.jar:/home/nxtwave/.m2/repository/ch/qos/logback/logback-core/1.2.11/logback-core-1.2.11.jar:/home/nxtwave/.m2/repository/org/apache/logging/log4j/log4j-to-slf4j/2.17.2/log4j-to-slf4j-2.17.2.jar:/home/nxtwave/.m2/repository/org/apache/logging/log4j/log4j-api/2.17.2/log4j-api-2.17.2.jar:/home/nxtwave/.m2/repository/org/slf4j/jul-to-slf4j/1.7.36/jul-to-slf4j-1.7.36.jar:/home/nxtwave/.m2/repository/jakarta/annotation/jakarta.annotation-api/1.3.5/jakarta.annotation-api-1.3.5.jar:/home/nxtwave/.m2/repository/org/yaml/snakeyaml/1.30/snakeyaml-1.30.jar:/home/nxtwave/.m2/repository/org/springframework/boot/spring-boot-starter-json/2.7.8/spring-boot-starter-json-2.7.8.jar:/home/nxtwave/.m2/repository/com/fasterxml/jackson/core/jackson-databind/2.13.4.2/jackson-databind-2.13.4.2.jar:/home/nxtwave/.m2/repository/com/fasterxml/jackson/core/jackson-annotations/2.13.4/jackson-annotations-2.13.4.jar:/home/nxtwave/.m2/repository/com/fasterxml/jackson/core/jackson-core/2.13.4/jackson-core-2.13.4.jar:/home/nxtwave/.m2/repository/com/fasterxml/jackson/datatype/jackson-datatype-jdk8/2.13.4/jackson-datatype-jdk8-2.13.4.jar:/home/nxtwave/.m2/repository/com/fasterxml/jackson/datatype/jackson-datatype-jsr310/2.13.4/jackson-datatype-jsr310-2.13.4.jar:/home/nxtwave/.m2/repository/com/fasterxml/jackson/module/jackson-module-parameter-names/2.13.4/jackson-module-parameter-names-2.13.4.jar:/home/nxtwave/.m2/repository/org/springframework/boot/spring-boot-starter-tomcat/2.7.8/spring-boot-starter-tomcat-2.7.8.jar:/home/nxtwave/.m2/repository/org/apache/tomcat/embed/tomcat-embed-core/9.0.71/tomcat-embed-core-9.0.71.jar:/home/nxtwave/.m2/repository/org/apache/tomcat/embed/tomcat-embed-websocket/9.0.71/tomcat-embed-websocket-9.0.71.jar:/home/nxtwave/.m2/repository/org/springframework/spring-web/5.3.25/spring-web-5.3.25.jar:/home/nxtwave/.m2/repository/org/springframework/spring-webmvc/5.3.25/spring-webmvc-5.3.25.jar:/home/nxtwave/.m2/repository/org/springframework/boot/spring-boot-starter-validation/2.7.8/spring-boot-starter-validation-2.7.8.jar:/home/nxtwave/.m2/repository/org/apache/tomcat/embed/tomcat-embed-el/9.0.71/tomcat-embed-el-9.0.71.jar:/home/nxtwave/.m2/repository/org/hibernate/validator/hibernate-validator/6.2.5.Final/hibernate-validator-6.2.5.Final.jar:/home/nxtwave/.m2/repository/jakarta/validation/jakarta.validation-api/2.0.2/jakarta.validation-api-2.0.2.jar:/home/nxtwave/.m2/repository/org/jboss/logging/jboss-logging/3.4.3.Final/jboss-logging-3.4.3.Final.jar:/home/nxtwave/.m2/repository/com/fasterxml/classmate/1.5.1/classmate-1.5.1.jar:/home/nxtwave/.m2/repository/org/springframework/boot/spring-boot-starter-test/2.7.8/spring-boot-starter-test-2.7.8.jar:/home/nxtwave/.m2/repository/org/springframework/boot/spring-boot-test/2.7.8/spring-boot-test-2.7.8.jar:/home/nxtwave/.m2/repository/com/jayway/jsonpath/json-path/2.7.0/json-path-2.7.0.jar:/home/nxtwave/.m2/repository/net/minidev/json-smart/2.4.8/json-smart-2.4.8.jar:/home/nxtwave/.m2/repository/net/minidev/accessors-smart/2.4.8/accessors-smart-2.4.8.jar:/home/nxtwave/.m2/repository/org/ow2/asm/asm/9.1/asm-9.1.jar:/home/nxtwave/.m2/repository/org/slf4j/slf4j-api/1.7.36/slf4j-api-1.7.36.jar:/home/nxtwave/.m2/repository/jakarta/xml/bind/jakarta.xml.bind-api/2.3.3/jakarta.xml.bind-api-2.3.3.jar:/home/nxtwave/.m2/repository/jakarta/activation/jakarta.activation-api/1.2.2/jakarta.activation-api-1.2.2.jar:/home/nxtwave/.m2/repository/org/assertj/assertj-core/3.22.0/assertj-core-3.22.0.jar:/home/nxtwave/.m2/repository/org/hamcrest/hamcrest/2.2/hamcrest-2.2.jar:/home/nxtwave/.m2/repository/org/junit/jupiter/junit-jupiter/5.8.2/junit-jupiter-5.8.2.jar:/home/nxtwave/.m2/repository/org/junit/jupiter/junit-jupiter-params/5.8.2/junit-jupiter-params-5.8.2.jar:/home/nxtwave/.m2/repository/org/junit/jupiter/junit-jupiter-engine/5.8.2/junit-jupiter-engine-5.8.2.jar:/home/nxtwave/.m2/repository/org/junit/platform/junit-platform-engine/1.8.2/junit-platform-engine-1.8.2.jar:/home/nxtwave/.m2/repository/org/mockito/mockito-core/4.5.1/mockito-core-4.5.1.jar:/home/nxtwave/.m2/repository/net/bytebuddy/byte-buddy/1.12.22/byte-buddy-1.12.22.jar:/home/nxtwave/.m2/repository/net/bytebuddy/byte-buddy-agent/1.12.22/byte-buddy-agent-1.12.22.jar:/home/nxtwave/.m2/repository/org/objenesis/objenesis/3.2/objenesis-3.2.jar:/home/nxtwave/.m2/repository/org/skyscreamer/jsonassert/1.5.1/jsonassert-1.5.1.jar:/home/nxtwave/.m2/repository/com/vaadin/external/google/android-json/0.0.20131108.vaadin1/android-json-0.0.20131108.vaadin1.jar:/home/nxtwave/.m2/repository/org/springframework/spring-core/5.3.25/spring-core-5.3.25.jar:/home/nxtwave/.m2/repository/org/springframework/spring-jcl/5.3.25/spring-jcl-5.3.25.jar:/home/nxtwave/.m2/repository/org/xmlunit/xmlunit-core/2.9.1/xmlunit-core-2.9.1.jar:/home/nxtwave/.m2/repository/org/springframework/boot/spring-boot-starter-data-jdbc/2.7.8/spring-boot-starter-data-jdbc-2.7.8.jar:/home/nxtwave/.m2/repository/org/springframework/boot/spring-boot-starter-jdbc/2.7.8/spring-boot-starter-jdbc-2.7.8.jar:/home/nxtwave/.m2/repository/com/zaxxer/HikariCP/4.0.3/HikariCP-4.0.3.jar:/home/nxtwave/.m2/repository/org/springframework/data/spring-data-jdbc/2.4.7/spring-data-jdbc-2.4.7.jar:/home/nxtwave/.m2/repository/org/springframework/data/spring-data-relational/2.4.7/spring-data-relational-2.4.7.jar:/home/nxtwave/.m2/repository/org/springframework/data/spring-data-commons/2.7.7/spring-data-commons-2.7.7.jar:/home/nxtwave/.m2/repository/com/h2database/h2/2.1.214/h2-2.1.214.jar:/home/nxtwave/.m2/repository/org/springframework/spring-jdbc/5.3.24/spring-jdbc-5.3.24.jar:/home/nxtwave/.m2/repository/org/springframework/spring-beans/5.3.25/spring-beans-5.3.25.jar:/home/nxtwave/.m2/repository/org/springframework/spring-tx/5.3.25/spring-tx-5.3.25.jar:/home/nxtwave/.m2/repository/org/springframework/spring-context/5.3.24/spring-context-5.3.24.jar:/home/nxtwave/.m2/repository/org/springframework/spring-aop/5.3.25/spring-aop-5.3.25.jar:/home/nxtwave/.m2/repository/org/springframework/spring-expression/5.3.25/spring-expression-5.3.25.jar:/home/nxtwave/.m2/repository/org/springframework/spring-test/5.3.24/spring-test-5.3.24.jar:/home/nxtwave/.m2/repository/org/mockito/mockito-junit-jupiter/4.5.1/mockito-junit-jupiter-4.5.1.jar:/home/nxtwave/.m2/repository/org/junit/jupiter/junit-jupiter-api/5.8.2/junit-jupiter-api-5.8.2.jar:/home/nxtwave/.m2/repository/org/opentest4j/opentest4j/1.2.0/opentest4j-1.2.0.jar:/home/nxtwave/.m2/repository/org/junit/platform/junit-platform-commons/1.8.2/junit-platform-commons-1.8.2.jar:/home/nxtwave/.m2/repository/org/apiguardian/apiguardian-api/1.1.2/apiguardian-api-1.1.2.jar:/home/nxtwave/.m2/repository/org/testcontainers/junit-jupiter/1.17.3/junit-jupiter-1.17.3.jar:/home/nxtwave/.m2/repository/org/testcontainers/testcontainers/1.17.3/testcontainers-1.17.3.jar:/home/nxtwave/.m2/repository/org/apache/commons/commons-compress/1.21/commons-compress-1.21.jar:/home/nxtwave/.m2/repository/org/rnorth/duct-tape/duct-tape/1.0.8/duct-tape-1.0.8.jar:/home/nxtwave/.m2/repository/org/jetbrains/annotations/17.0.0/annotations-17.0.0.jar:/home/nxtwave/.m2/repository/com/github/docker-java/docker-java-api/3.2.13/docker-java-api-3.2.13.jar:/home/nxtwave/.m2/repository/com/github/docker-java/docker-java-transport-zerodep/3.2.13/docker-java-transport-zerodep-3.2.13.jar:/home/nxtwave/.m2/repository/com/github/docker-java/docker-java-transport/3.2.13/docker-java-transport-3.2.13.jar:/home/nxtwave/.m2/repository/net/java/dev/jna/jna/5.8.0/jna-5.8.0.jar:/home/nxtwave/.m2/repository/junit/junit/4.13.2/junit-4.13.2.jar:/home/nxtwave/.m2/repository/org/hamcrest/hamcrest-core/2.2/hamcrest-core-2.2.jar:/home/nxtwave/.m2/repository/org/springframework/boot/spring-boot-test-autoconfigure/2.5.1/spring-boot-test-autoconfigure-2.5.1.jar:/home/nxtwave/.m2/repository/org/springframework/boot/spring-boot/2.7.8/spring-boot-2.7.8.jar:/home/nxtwave/.m2/repository/org/springframework/boot/spring-boot-autoconfigure/2.7.8/spring-boot-autoconfigure-2.7.8.jar:"/>
    <property name="java.vm.vendor" value="Oracle Corporation"/>
    <property name="sun.arch.data.model" value="64"/>
    <property name="java.vendor.url" value="http://java.oracle.com/"/>
    <property name="user.timezone" value=""/>
    <property name="java.vm.specification.version" value="1.8"/>
    <property name="os.name" value="Linux"/>
    <property name="sun.java.launcher" value="SUN_STANDARD"/>
    <property name="sun.boot.library.path" value="/usr/local/openjdk-8/jre/lib/amd64"/>
    <property name="sun.java.command" value="/home/nxtwave/player/target/surefire/surefirebooter616547042267683796.jar /home/nxtwave/player/target/surefire 2023-12-30T12-56-49_534-jvmRun1 surefire6940946912874401433tmp surefire_04521213241133904670tmp"/>
    <property name="surefire.test.class.path" value="/home/nxtwave/player/target/test-classes:/home/nxtwave/player/target/classes:/home/nxtwave/.m2/repository/org/springframework/boot/spring-boot-starter-web/2.7.8/spring-boot-starter-web-2.7.8.jar:/home/nxtwave/.m2/repository/org/springframework/boot/spring-boot-starter/2.7.8/spring-boot-starter-2.7.8.jar:/home/nxtwave/.m2/repository/org/springframework/boot/spring-boot-starter-logging/2.7.8/spring-boot-starter-logging-2.7.8.jar:/home/nxtwave/.m2/repository/ch/qos/logback/logback-classic/1.2.11/logback-classic-1.2.11.jar:/home/nxtwave/.m2/repository/ch/qos/logback/logback-core/1.2.11/logback-core-1.2.11.jar:/home/nxtwave/.m2/repository/org/apache/logging/log4j/log4j-to-slf4j/2.17.2/log4j-to-slf4j-2.17.2.jar:/home/nxtwave/.m2/repository/org/apache/logging/log4j/log4j-api/2.17.2/log4j-api-2.17.2.jar:/home/nxtwave/.m2/repository/org/slf4j/jul-to-slf4j/1.7.36/jul-to-slf4j-1.7.36.jar:/home/nxtwave/.m2/repository/jakarta/annotation/jakarta.annotation-api/1.3.5/jakarta.annotation-api-1.3.5.jar:/home/nxtwave/.m2/repository/org/yaml/snakeyaml/1.30/snakeyaml-1.30.jar:/home/nxtwave/.m2/repository/org/springframework/boot/spring-boot-starter-json/2.7.8/spring-boot-starter-json-2.7.8.jar:/home/nxtwave/.m2/repository/com/fasterxml/jackson/core/jackson-databind/2.13.4.2/jackson-databind-2.13.4.2.jar:/home/nxtwave/.m2/repository/com/fasterxml/jackson/core/jackson-annotations/2.13.4/jackson-annotations-2.13.4.jar:/home/nxtwave/.m2/repository/com/fasterxml/jackson/core/jackson-core/2.13.4/jackson-core-2.13.4.jar:/home/nxtwave/.m2/repository/com/fasterxml/jackson/datatype/jackson-datatype-jdk8/2.13.4/jackson-datatype-jdk8-2.13.4.jar:/home/nxtwave/.m2/repository/com/fasterxml/jackson/datatype/jackson-datatype-jsr310/2.13.4/jackson-datatype-jsr310-2.13.4.jar:/home/nxtwave/.m2/repository/com/fasterxml/jackson/module/jackson-module-parameter-names/2.13.4/jackson-module-parameter-names-2.13.4.jar:/home/nxtwave/.m2/repository/org/springframework/boot/spring-boot-starter-tomcat/2.7.8/spring-boot-starter-tomcat-2.7.8.jar:/home/nxtwave/.m2/repository/org/apache/tomcat/embed/tomcat-embed-core/9.0.71/tomcat-embed-core-9.0.71.jar:/home/nxtwave/.m2/repository/org/apache/tomcat/embed/tomcat-embed-websocket/9.0.71/tomcat-embed-websocket-9.0.71.jar:/home/nxtwave/.m2/repository/org/springframework/spring-web/5.3.25/spring-web-5.3.25.jar:/home/nxtwave/.m2/repository/org/springframework/spring-webmvc/5.3.25/spring-webmvc-5.3.25.jar:/home/nxtwave/.m2/repository/org/springframework/boot/spring-boot-starter-validation/2.7.8/spring-boot-starter-validation-2.7.8.jar:/home/nxtwave/.m2/repository/org/apache/tomcat/embed/tomcat-embed-el/9.0.71/tomcat-embed-el-9.0.71.jar:/home/nxtwave/.m2/repository/org/hibernate/validator/hibernate-validator/6.2.5.Final/hibernate-validator-6.2.5.Final.jar:/home/nxtwave/.m2/repository/jakarta/validation/jakarta.validation-api/2.0.2/jakarta.validation-api-2.0.2.jar:/home/nxtwave/.m2/repository/org/jboss/logging/jboss-logging/3.4.3.Final/jboss-logging-3.4.3.Final.jar:/home/nxtwave/.m2/repository/com/fasterxml/classmate/1.5.1/classmate-1.5.1.jar:/home/nxtwave/.m2/repository/org/springframework/boot/spring-boot-starter-test/2.7.8/spring-boot-starter-test-2.7.8.jar:/home/nxtwave/.m2/repository/org/springframework/boot/spring-boot-test/2.7.8/spring-boot-test-2.7.8.jar:/home/nxtwave/.m2/repository/com/jayway/jsonpath/json-path/2.7.0/json-path-2.7.0.jar:/home/nxtwave/.m2/repository/net/minidev/json-smart/2.4.8/json-smart-2.4.8.jar:/home/nxtwave/.m2/repository/net/minidev/accessors-smart/2.4.8/accessors-smart-2.4.8.jar:/home/nxtwave/.m2/repository/org/ow2/asm/asm/9.1/asm-9.1.jar:/home/nxtwave/.m2/repository/org/slf4j/slf4j-api/1.7.36/slf4j-api-1.7.36.jar:/home/nxtwave/.m2/repository/jakarta/xml/bind/jakarta.xml.bind-api/2.3.3/jakarta.xml.bind-api-2.3.3.jar:/home/nxtwave/.m2/repository/jakarta/activation/jakarta.activation-api/1.2.2/jakarta.activation-api-1.2.2.jar:/home/nxtwave/.m2/repository/org/assertj/assertj-core/3.22.0/assertj-core-3.22.0.jar:/home/nxtwave/.m2/repository/org/hamcrest/hamcrest/2.2/hamcrest-2.2.jar:/home/nxtwave/.m2/repository/org/junit/jupiter/junit-jupiter/5.8.2/junit-jupiter-5.8.2.jar:/home/nxtwave/.m2/repository/org/junit/jupiter/junit-jupiter-params/5.8.2/junit-jupiter-params-5.8.2.jar:/home/nxtwave/.m2/repository/org/junit/jupiter/junit-jupiter-engine/5.8.2/junit-jupiter-engine-5.8.2.jar:/home/nxtwave/.m2/repository/org/junit/platform/junit-platform-engine/1.8.2/junit-platform-engine-1.8.2.jar:/home/nxtwave/.m2/repository/org/mockito/mockito-core/4.5.1/mockito-core-4.5.1.jar:/home/nxtwave/.m2/repository/net/bytebuddy/byte-buddy/1.12.22/byte-buddy-1.12.22.jar:/home/nxtwave/.m2/repository/net/bytebuddy/byte-buddy-agent/1.12.22/byte-buddy-agent-1.12.22.jar:/home/nxtwave/.m2/repository/org/objenesis/objenesis/3.2/objenesis-3.2.jar:/home/nxtwave/.m2/repository/org/skyscreamer/jsonassert/1.5.1/jsonassert-1.5.1.jar:/home/nxtwave/.m2/repository/com/vaadin/external/google/android-json/0.0.20131108.vaadin1/android-json-0.0.20131108.vaadin1.jar:/home/nxtwave/.m2/repository/org/springframework/spring-core/5.3.25/spring-core-5.3.25.jar:/home/nxtwave/.m2/repository/org/springframework/spring-jcl/5.3.25/spring-jcl-5.3.25.jar:/home/nxtwave/.m2/repository/org/xmlunit/xmlunit-core/2.9.1/xmlunit-core-2.9.1.jar:/home/nxtwave/.m2/repository/org/springframework/boot/spring-boot-starter-data-jdbc/2.7.8/spring-boot-starter-data-jdbc-2.7.8.jar:/home/nxtwave/.m2/repository/org/springframework/boot/spring-boot-starter-jdbc/2.7.8/spring-boot-starter-jdbc-2.7.8.jar:/home/nxtwave/.m2/repository/com/zaxxer/HikariCP/4.0.3/HikariCP-4.0.3.jar:/home/nxtwave/.m2/repository/org/springframework/data/spring-data-jdbc/2.4.7/spring-data-jdbc-2.4.7.jar:/home/nxtwave/.m2/repository/org/springframework/data/spring-data-relational/2.4.7/spring-data-relational-2.4.7.jar:/home/nxtwave/.m2/repository/org/springframework/data/spring-data-commons/2.7.7/spring-data-commons-2.7.7.jar:/home/nxtwave/.m2/repository/com/h2database/h2/2.1.214/h2-2.1.214.jar:/home/nxtwave/.m2/repository/org/springframework/spring-jdbc/5.3.24/spring-jdbc-5.3.24.jar:/home/nxtwave/.m2/repository/org/springframework/spring-beans/5.3.25/spring-beans-5.3.25.jar:/home/nxtwave/.m2/repository/org/springframework/spring-tx/5.3.25/spring-tx-5.3.25.jar:/home/nxtwave/.m2/repository/org/springframework/spring-context/5.3.24/spring-context-5.3.24.jar:/home/nxtwave/.m2/repository/org/springframework/spring-aop/5.3.25/spring-aop-5.3.25.jar:/home/nxtwave/.m2/repository/org/springframework/spring-expression/5.3.25/spring-expression-5.3.25.jar:/home/nxtwave/.m2/repository/org/springframework/spring-test/5.3.24/spring-test-5.3.24.jar:/home/nxtwave/.m2/repository/org/mockito/mockito-junit-jupiter/4.5.1/mockito-junit-jupiter-4.5.1.jar:/home/nxtwave/.m2/repository/org/junit/jupiter/junit-jupiter-api/5.8.2/junit-jupiter-api-5.8.2.jar:/home/nxtwave/.m2/repository/org/opentest4j/opentest4j/1.2.0/opentest4j-1.2.0.jar:/home/nxtwave/.m2/repository/org/junit/platform/junit-platform-commons/1.8.2/junit-platform-commons-1.8.2.jar:/home/nxtwave/.m2/repository/org/apiguardian/apiguardian-api/1.1.2/apiguardian-api-1.1.2.jar:/home/nxtwave/.m2/repository/org/testcontainers/junit-jupiter/1.17.3/junit-jupiter-1.17.3.jar:/home/nxtwave/.m2/repository/org/testcontainers/testcontainers/1.17.3/testcontainers-1.17.3.jar:/home/nxtwave/.m2/repository/org/apache/commons/commons-compress/1.21/commons-compress-1.21.jar:/home/nxtwave/.m2/repository/org/rnorth/duct-tape/duct-tape/1.0.8/duct-tape-1.0.8.jar:/home/nxtwave/.m2/repository/org/jetbrains/annotations/17.0.0/annotations-17.0.0.jar:/home/nxtwave/.m2/repository/com/github/docker-java/docker-java-api/3.2.13/docker-java-api-3.2.13.jar:/home/nxtwave/.m2/repository/com/github/docker-java/docker-java-transport-zerodep/3.2.13/docker-java-transport-zerodep-3.2.13.jar:/home/nxtwave/.m2/repository/com/github/docker-java/docker-java-transport/3.2.13/docker-java-transport-3.2.13.jar:/home/nxtwave/.m2/repository/net/java/dev/jna/jna/5.8.0/jna-5.8.0.jar:/home/nxtwave/.m2/repository/junit/junit/4.13.2/junit-4.13.2.jar:/home/nxtwave/.m2/repository/org/hamcrest/hamcrest-core/2.2/hamcrest-core-2.2.jar:/home/nxtwave/.m2/repository/org/springframework/boot/spring-boot-test-autoconfigure/2.5.1/spring-boot-test-autoconfigure-2.5.1.jar:/home/nxtwave/.m2/repository/org/springframework/boot/spring-boot/2.7.8/spring-boot-2.7.8.jar:/home/nxtwave/.m2/repository/org/springframework/boot/spring-boot-autoconfigure/2.7.8/spring-boot-autoconfigure-2.7.8.jar:"/>
    <property name="sun.cpu.endian" value="little"/>
    <property name="user.home" value="/home/nxtwave"/>
    <property name="user.language" value="en"/>
    <property name="java.specification.vendor" value="Oracle Corporation"/>
    <property name="java.home" value="/usr/local/openjdk-8/jre"/>
    <property name="basedir" value="/home/nxtwave/player"/>
    <property name="file.separator" value="/"/>
    <property name="line.separator" value="&#10;"/>
    <property name="java.vm.specification.vendor" value="Oracle Corporation"/>
    <property name="java.specification.name" value="Java Platform API Specification"/>
    <property name="java.awt.graphicsenv" value="sun.awt.X11GraphicsEnvironment"/>
    <property name="surefire.real.class.path" value="/home/nxtwave/player/target/surefire/surefirebooter616547042267683796.jar"/>
    <property name="sun.boot.class.path" value="/usr/local/openjdk-8/jre/lib/resources.jar:/usr/local/openjdk-8/jre/lib/rt.jar:/usr/local/openjdk-8/jre/lib/sunrsasign.jar:/usr/local/openjdk-8/jre/lib/jsse.jar:/usr/local/openjdk-8/jre/lib/jce.jar:/usr/local/openjdk-8/jre/lib/charsets.jar:/usr/local/openjdk-8/jre/lib/jfr.jar:/usr/local/openjdk-8/jre/classes"/>
    <property name="sun.management.compiler" value="HotSpot 64-Bit Tiered Compilers"/>
    <property name="java.runtime.version" value="1.8.0_342-b07"/>
    <property name="user.name" value="nxtwave"/>
    <property name="path.separator" value=":"/>
    <property name="os.version" value="5.10.201-191.748.amzn2.x86_64"/>
    <property name="java.endorsed.dirs" value="/usr/local/openjdk-8/jre/lib/endorsed"/>
    <property name="java.runtime.name" value="OpenJDK Runtime Environment"/>
    <property name="file.encoding" value="UTF-8"/>
    <property name="java.vm.name" value="OpenJDK 64-Bit Server VM"/>
    <property name="localRepository" value="/home/nxtwave/.m2/repository"/>
    <property name="java.vendor.url.bug" value="http://bugreport.sun.com/bugreport/"/>
    <property name="java.io.tmpdir" value="/tmp"/>
    <property name="java.version" value="1.8.0_342"/>
    <property name="user.dir" value="/home/nxtwave/player"/>
    <property name="os.arch" value="amd64"/>
    <property name="java.vm.specification.name" value="Java Virtual Machine Specification"/>
    <property name="java.awt.printerjob" value="sun.print.PSPrinterJob"/>
    <property name="sun.os.patch.level" value="unknown"/>
    <property name="java.library.path" value="/usr/java/packages/lib/amd64:/usr/lib64:/lib64:/lib:/usr/lib"/>
    <property name="java.vm.info" value="mixed mode"/>
    <property name="java.vendor" value="Oracle Corporation"/>
    <property name="java.vm.version" value="25.342-b07"/>
    <property name="java.ext.dirs" value="/usr/local/openjdk-8/jre/lib/ext:/usr/java/packages/lib/ext"/>
    <property name="sun.io.unicode.encoding" value="UnicodeLittle"/>
    <property name="java.class.version" value="52.0"/>
  </properties>
  <testcase name="testgetPlayers" classname="com.example.player.PlayerControllerTests" time="3.792"/>
  <testcase name="testgetNotFound" classname="com.example.player.PlayerControllerTests" time="0.497"/>
  <testcase name="testgetPlayerById" classname="com.example.player.PlayerControllerTests" time="0.61"/>
  <testcase name="testpost" classname="com.example.player.PlayerControllerTests" time="0.687"/>
  <testcase name="testafterpost" classname="com.example.player.PlayerControllerTests" time="0.102"/>
  <testcase name="testDbAfterPost" classname="com.example.player.PlayerControllerTests" time="0.1"/>
  <testcase name="testputNotFound" classname="com.example.player.PlayerControllerTests" time="0.296">
    <error message="Request processing failed; nested exception is org.springframework.dao.EmptyResultDataAccessException: Incorrect result size: expected 1, actual 0" type="org.springframework.web.util.NestedServletException">org.springframework.web.util.NestedServletException: Request processing failed; nested exception is org.springframework.dao.EmptyResultDataAccessException: Incorrect result size: expected 1, actual 0
	at com.example.player.PlayerControllerTests.testputNotFound(PlayerControllerTests.java:229)
Caused by: org.springframework.dao.EmptyResultDataAccessException: Incorrect result size: expected 1, actual 0
	at com.example.player.PlayerControllerTests.testputNotFound(PlayerControllerTests.java:229)
</error>
  </testcase>
  <testcase name="testput" classname="com.example.player.PlayerControllerTests" time="0.097"/>
  <testcase name="testafterput" classname="com.example.player.PlayerControllerTests" time="0.009"/>
  <testcase name="testDbAfterPut" classname="com.example.player.PlayerControllerTests" time="0.089"/>
  <testcase name="testdeleteNotFound" classname="com.example.player.PlayerControllerTests" time="1.3">
    <error message="Request processing failed; nested exception is org.springframework.jdbc.BadSqlGrammarException: PreparedStatementCallback; bad SQL grammar [delete from player where playerId=?]; nested exception is org.h2.jdbc.JdbcSQLSyntaxErrorException: Table &quot;PLAYER&quot; not found; SQL statement:&#10;delete from player where playerId=? [42102-214]" type="org.springframework.web.util.NestedServletException">org.springframework.web.util.NestedServletException: 
Request processing failed; nested exception is org.springframework.jdbc.BadSqlGrammarException: PreparedStatementCallback; bad SQL grammar [delete from player where playerId=?]; nested exception is org.h2.jdbc.JdbcSQLSyntaxErrorException: Table "PLAYER" not found; SQL statement:
delete from player where playerId=? [42102-214]
	at com.example.player.PlayerControllerTests.testdeleteNotFound(PlayerControllerTests.java:280)
Caused by: org.springframework.jdbc.BadSqlGrammarException: 
PreparedStatementCallback; bad SQL grammar [delete from player where playerId=?]; nested exception is org.h2.jdbc.JdbcSQLSyntaxErrorException: Table "PLAYER" not found; SQL statement:
delete from player where playerId=? [42102-214]
	at com.example.player.PlayerControllerTests.testdeleteNotFound(PlayerControllerTests.java:280)
Caused by: org.h2.jdbc.JdbcSQLSyntaxErrorException: 
Table "PLAYER" not found; SQL statement:
delete from player where playerId=? [42102-214]
	at com.example.player.PlayerControllerTests.testdeleteNotFound(PlayerControllerTests.java:280)
</error>
  </testcase>
  <testcase name="testdelete" classname="com.example.player.PlayerControllerTests" time="0.009">
    <error message="Request processing failed; nested exception is org.springframework.jdbc.BadSqlGrammarException: PreparedStatementCallback; bad SQL grammar [delete from player where playerId=?]; nested exception is org.h2.jdbc.JdbcSQLSyntaxErrorException: Table &quot;PLAYER&quot; not found; SQL statement:&#10;delete from player where playerId=? [42102-214]" type="org.springframework.web.util.NestedServletException">org.springframework.web.util.NestedServletException: 
Request processing failed; nested exception is org.springframework.jdbc.BadSqlGrammarException: PreparedStatementCallback; bad SQL grammar [delete from player where playerId=?]; nested exception is org.h2.jdbc.JdbcSQLSyntaxErrorException: Table "PLAYER" not found; SQL statement:
delete from player where playerId=? [42102-214]
	at com.example.player.PlayerControllerTests.testdelete(PlayerControllerTests.java:290)
Caused by: org.springframework.jdbc.BadSqlGrammarException: 
PreparedStatementCallback; bad SQL grammar [delete from player where playerId=?]; nested exception is org.h2.jdbc.JdbcSQLSyntaxErrorException: Table "PLAYER" not found; SQL statement:
delete from player where playerId=? [42102-214]
	at com.example.player.PlayerControllerTests.testdelete(PlayerControllerTests.java:290)
Caused by: org.h2.jdbc.JdbcSQLSyntaxErrorException: 
Table "PLAYER" not found; SQL statement:
delete from player where playerId=? [42102-214]
	at com.example.player.PlayerControllerTests.testdelete(PlayerControllerTests.java:290)
</error>
  </testcase>
  <testcase name="testafterdelete" classname="com.example.player.PlayerControllerTests" time="0.296">
    <failure message="JSON path &quot;$&quot;&#10;Expected: a collection with size &lt;11&gt;&#10;     but: collection size was &lt;12&gt;" type="java.lang.AssertionError"><![CDATA[java.lang.AssertionError: 
JSON path "$"
Expected: a collection with size <11>
     but: collection size was <12>
	at com.example.player.PlayerControllerTests.testafterdelete(PlayerControllerTests.java:297)
]]></failure>
    <system-out><![CDATA[
MockHttpServletRequest:
      HTTP Method = GET
      Request URI = /players
       Parameters = {}
          Headers = []
             Body = null
    Session Attrs = {}

Handler:
             Type = com.example.player.controller.PlayerController
           Method = com.example.player.controller.PlayerController#getPlayers()

Async:
    Async started = false
     Async result = null

Resolved Exception:
             Type = null

ModelAndView:
        View name = null
             View = null
            Model = null

FlashMap:
       Attributes = null

MockHttpServletResponse:
           Status = 200
    Error message = null
          Headers = [Content-Type:"application/json"]
     Content type = application/json
             Body = [{"playerId":1,"playerName":"Alexander","jerseyNumber":5,"role":"All-rounder"},{"playerId":2,"playerName":"Benjamin","jerseyNumber":3,"role":"All-rounder"},{"playerId":3,"playerName":"Yuvi","jerseyNumber":12,"role":"All-rounder"},{"playerId":4,"playerName":"William","jerseyNumber":45,"role":"Batsman"},{"playerId":5,"playerName":"Joshua","jerseyNumber":19,"role":"Batsman"},{"playerId":6,"playerName":"Daniel","jerseyNumber":10,"role":"Bowler"},{"playerId":7,"playerName":"Matthew","jerseyNumber":34,"role":"Bowler"},{"playerId":8,"playerName":"Samuel","jerseyNumber":17,"role":"Batsman"},{"playerId":9,"playerName":"John","jerseyNumber":1,"role":"Bowler"},{"playerId":10,"playerName":"Earnest","jerseyNumber":2,"role":"All-rounder"},{"playerId":11,"playerName":"Bob","jerseyNumber":25,"role":"Batsman"},{"playerId":12,"playerName":"Prince","jerseyNumber":24,"role":"Bowler"}]
    Forwarded URL = null
   Redirected URL = null
          Cookies = []
]]></system-out>
  </testcase>
</testsuite>